Analysis & Synthesis report for Processador_7Instrucoes
Wed Jul 19 16:09:36 2023
Quartus II 64-Bit Version 13.0.1 Build 232 06/12/2013 Service Pack 1 SJ Web Edition


---------------------
; Table of Contents ;
---------------------
  1. Legal Notice
  2. Analysis & Synthesis Summary
  3. Analysis & Synthesis Settings
  4. Parallel Compilation
  5. Analysis & Synthesis Source Files Read
  6. Analysis & Synthesis Resource Usage Summary
  7. Analysis & Synthesis Resource Utilization by Entity
  8. State Machine - |ControlUnit|controller:Control|stateReg
  9. General Register Statistics
 10. Multiplexer Restructuring Statistics (Restructuring Performed)
 11. Parameter Settings for User Entity Instance: Top-level Entity: |ControlUnit
 12. Parameter Settings for User Entity Instance: IR:InstructionReader
 13. Parameter Settings for User Entity Instance: PC:PCounter
 14. Elapsed Time Per Partition
 15. Analysis & Synthesis Messages



----------------
; Legal Notice ;
----------------
Copyright (C) 1991-2013 Altera Corporation
Your use of Altera Corporation's design tools, logic functions 
and other software and tools, and its AMPP partner logic 
functions, and any output files from any of the foregoing 
(including device programming or simulation files), and any 
associated documentation or information are expressly subject 
to the terms and conditions of the Altera Program License 
Subscription Agreement, Altera MegaCore Function License 
Agreement, or other applicable license agreement, including, 
without limitation, that your use is for the sole purpose of 
programming logic devices manufactured by Altera and sold by 
Altera or its authorized distributors.  Please refer to the 
applicable agreement for further details.



+--------------------------------------------------------------------------------------+
; Analysis & Synthesis Summary                                                         ;
+------------------------------------+-------------------------------------------------+
; Analysis & Synthesis Status        ; Successful - Wed Jul 19 16:09:36 2023           ;
; Quartus II 64-Bit Version          ; 13.0.1 Build 232 06/12/2013 SP 1 SJ Web Edition ;
; Revision Name                      ; Processador_7Instrucoes                         ;
; Top-level Entity Name              ; ControlUnit                                     ;
; Family                             ; Cyclone IV GX                                   ;
; Total logic elements               ; 116                                             ;
;     Total combinational functions  ; 98                                              ;
;     Dedicated logic registers      ; 43                                              ;
; Total registers                    ; 43                                              ;
; Total pins                         ; 90                                              ;
; Total virtual pins                 ; 0                                               ;
; Total memory bits                  ; 0                                               ;
; Embedded Multiplier 9-bit elements ; 0                                               ;
; Total GXB Receiver Channel PCS     ; 0                                               ;
; Total GXB Receiver Channel PMA     ; 0                                               ;
; Total GXB Transmitter Channel PCS  ; 0                                               ;
; Total GXB Transmitter Channel PMA  ; 0                                               ;
; Total PLLs                         ; 0                                               ;
+------------------------------------+-------------------------------------------------+


+---------------------------------------------------------------------------------------------------------------------------+
; Analysis & Synthesis Settings                                                                                             ;
+----------------------------------------------------------------------------+--------------------+-------------------------+
; Option                                                                     ; Setting            ; Default Value           ;
+----------------------------------------------------------------------------+--------------------+-------------------------+
; Top-level entity name                                                      ; ControlUnit        ; Processador_7Instrucoes ;
; Family name                                                                ; Cyclone IV GX      ; Cyclone IV GX           ;
; Use smart compilation                                                      ; Off                ; Off                     ;
; Enable parallel Assembler and TimeQuest Timing Analyzer during compilation ; On                 ; On                      ;
; Enable compact report table                                                ; Off                ; Off                     ;
; Restructure Multiplexers                                                   ; Auto               ; Auto                    ;
; Create Debugging Nodes for IP Cores                                        ; Off                ; Off                     ;
; Preserve fewer node names                                                  ; On                 ; On                      ;
; Disable OpenCore Plus hardware evaluation                                  ; Off                ; Off                     ;
; Verilog Version                                                            ; Verilog_2001       ; Verilog_2001            ;
; VHDL Version                                                               ; VHDL_1993          ; VHDL_1993               ;
; State Machine Processing                                                   ; Auto               ; Auto                    ;
; Safe State Machine                                                         ; Off                ; Off                     ;
; Extract Verilog State Machines                                             ; On                 ; On                      ;
; Extract VHDL State Machines                                                ; On                 ; On                      ;
; Ignore Verilog initial constructs                                          ; Off                ; Off                     ;
; Iteration limit for constant Verilog loops                                 ; 5000               ; 5000                    ;
; Iteration limit for non-constant Verilog loops                             ; 250                ; 250                     ;
; Add Pass-Through Logic to Inferred RAMs                                    ; On                 ; On                      ;
; Infer RAMs from Raw Logic                                                  ; On                 ; On                      ;
; Parallel Synthesis                                                         ; On                 ; On                      ;
; DSP Block Balancing                                                        ; Auto               ; Auto                    ;
; NOT Gate Push-Back                                                         ; On                 ; On                      ;
; Power-Up Don't Care                                                        ; On                 ; On                      ;
; Remove Redundant Logic Cells                                               ; Off                ; Off                     ;
; Remove Duplicate Registers                                                 ; On                 ; On                      ;
; Ignore CARRY Buffers                                                       ; Off                ; Off                     ;
; Ignore CASCADE Buffers                                                     ; Off                ; Off                     ;
; Ignore GLOBAL Buffers                                                      ; Off                ; Off                     ;
; Ignore ROW GLOBAL Buffers                                                  ; Off                ; Off                     ;
; Ignore LCELL Buffers                                                       ; Off                ; Off                     ;
; Ignore SOFT Buffers                                                        ; On                 ; On                      ;
; Limit AHDL Integers to 32 Bits                                             ; Off                ; Off                     ;
; Optimization Technique                                                     ; Balanced           ; Balanced                ;
; Carry Chain Length                                                         ; 70                 ; 70                      ;
; Auto Carry Chains                                                          ; On                 ; On                      ;
; Auto Open-Drain Pins                                                       ; On                 ; On                      ;
; Perform WYSIWYG Primitive Resynthesis                                      ; Off                ; Off                     ;
; Auto ROM Replacement                                                       ; On                 ; On                      ;
; Auto RAM Replacement                                                       ; On                 ; On                      ;
; Auto DSP Block Replacement                                                 ; On                 ; On                      ;
; Auto Shift Register Replacement                                            ; Auto               ; Auto                    ;
; Allow Shift Register Merging across Hierarchies                            ; Auto               ; Auto                    ;
; Auto Clock Enable Replacement                                              ; On                 ; On                      ;
; Strict RAM Replacement                                                     ; Off                ; Off                     ;
; Allow Synchronous Control Signals                                          ; On                 ; On                      ;
; Force Use of Synchronous Clear Signals                                     ; Off                ; Off                     ;
; Auto RAM Block Balancing                                                   ; On                 ; On                      ;
; Auto RAM to Logic Cell Conversion                                          ; Off                ; Off                     ;
; Auto Resource Sharing                                                      ; Off                ; Off                     ;
; Allow Any RAM Size For Recognition                                         ; Off                ; Off                     ;
; Allow Any ROM Size For Recognition                                         ; Off                ; Off                     ;
; Allow Any Shift Register Size For Recognition                              ; Off                ; Off                     ;
; Use LogicLock Constraints during Resource Balancing                        ; On                 ; On                      ;
; Ignore translate_off and synthesis_off directives                          ; Off                ; Off                     ;
; Timing-Driven Synthesis                                                    ; On                 ; On                      ;
; Report Parameter Settings                                                  ; On                 ; On                      ;
; Report Source Assignments                                                  ; On                 ; On                      ;
; Report Connectivity Checks                                                 ; On                 ; On                      ;
; Ignore Maximum Fan-Out Assignments                                         ; Off                ; Off                     ;
; Synchronization Register Chain Length                                      ; 2                  ; 2                       ;
; PowerPlay Power Optimization                                               ; Normal compilation ; Normal compilation      ;
; HDL message level                                                          ; Level2             ; Level2                  ;
; Suppress Register Optimization Related Messages                            ; Off                ; Off                     ;
; Number of Removed Registers Reported in Synthesis Report                   ; 5000               ; 5000                    ;
; Number of Swept Nodes Reported in Synthesis Report                         ; 5000               ; 5000                    ;
; Number of Inverted Registers Reported in Synthesis Report                  ; 100                ; 100                     ;
; Clock MUX Protection                                                       ; On                 ; On                      ;
; Auto Gated Clock Conversion                                                ; Off                ; Off                     ;
; Block Design Naming                                                        ; Auto               ; Auto                    ;
; SDC constraint protection                                                  ; Off                ; Off                     ;
; Synthesis Effort                                                           ; Auto               ; Auto                    ;
; Shift Register Replacement - Allow Asynchronous Clear Signal               ; On                 ; On                      ;
; Pre-Mapping Resynthesis Optimization                                       ; Off                ; Off                     ;
; Analysis & Synthesis Message Level                                         ; Medium             ; Medium                  ;
; Disable Register Merging Across Hierarchies                                ; Auto               ; Auto                    ;
; Resource Aware Inference For Block RAM                                     ; On                 ; On                      ;
; Synthesis Seed                                                             ; 1                  ; 1                       ;
+----------------------------------------------------------------------------+--------------------+-------------------------+


Parallel compilation was disabled, but you have multiple processors available. Enable parallel compilation to reduce compilation time.
+-------------------------------------+
; Parallel Compilation                ;
+----------------------------+--------+
; Processors                 ; Number ;
+----------------------------+--------+
; Number detected on machine ; 8      ;
; Maximum allowed            ; 1      ;
+----------------------------+--------+


+----------------------------------------------------------------------------------------------------------------------------------------------------------------------+
; Analysis & Synthesis Source Files Read                                                                                                                               ;
+----------------------------------+-----------------+-----------------+-------------------------------------------------------------------------------------+---------+
; File Name with User-Entered Path ; Used in Netlist ; File Type       ; File Name with Absolute Path                                                        ; Library ;
+----------------------------------+-----------------+-----------------+-------------------------------------------------------------------------------------+---------+
; ControlUnit/PC.vhd               ; yes             ; User VHDL File  ; C:/Users/vitor/Documents/opcode/Processador_6Instrucoes/ControlUnit/PC.vhd          ;         ;
; ControlUnit/IR.vhd               ; yes             ; User VHDL File  ; C:/Users/vitor/Documents/opcode/Processador_6Instrucoes/ControlUnit/IR.vhd          ;         ;
; ControlUnit/ControlUnit.vhd      ; yes             ; User VHDL File  ; C:/Users/vitor/Documents/opcode/Processador_6Instrucoes/ControlUnit/ControlUnit.vhd ;         ;
; ControlUnit/controller.vhd       ; yes             ; User VHDL File  ; C:/Users/vitor/Documents/opcode/Processador_6Instrucoes/ControlUnit/controller.vhd  ;         ;
+----------------------------------+-----------------+-----------------+-------------------------------------------------------------------------------------+---------+


+---------------------------------------------+
; Analysis & Synthesis Resource Usage Summary ;
+--------------------------+------------------+
; Resource                 ; Usage            ;
+--------------------------+------------------+
; I/O pins                 ; 90               ;
; DSP block 9-bit elements ; 0                ;
; Maximum fan-out node     ; clk~input        ;
; Maximum fan-out          ; 43               ;
; Total fan-out            ; 582              ;
; Average fan-out          ; 1.81             ;
+--------------------------+------------------+


+-------------------------------------------------------------------------------------------------------------------------------------------------------------------------------------------------------+
; Analysis & Synthesis Resource Utilization by Entity                                                                                                                                                   ;
+----------------------------+-------------------+--------------+-------------+--------------+---------+-----------+-----------+------+--------------+-----------------------------------+--------------+
; Compilation Hierarchy Node ; LC Combinationals ; LC Registers ; Memory Bits ; DSP Elements ; DSP 9x9 ; DSP 18x18 ; DSP 36x36 ; Pins ; Virtual Pins ; Full Hierarchy Name               ; Library Name ;
+----------------------------+-------------------+--------------+-------------+--------------+---------+-----------+-----------+------+--------------+-----------------------------------+--------------+
; |ControlUnit               ; 98 (0)            ; 43 (0)       ; 0           ; 0            ; 0       ; 0         ; 0         ; 90   ; 0            ; |ControlUnit                      ; work         ;
;    |IR:InstructionReader|  ; 0 (0)             ; 16 (16)      ; 0           ; 0            ; 0       ; 0         ; 0         ; 0    ; 0            ; |ControlUnit|IR:InstructionReader ; work         ;
;    |PC:PCounter|           ; 49 (49)           ; 16 (16)      ; 0           ; 0            ; 0       ; 0         ; 0         ; 0    ; 0            ; |ControlUnit|PC:PCounter          ; work         ;
;    |controller:Control|    ; 49 (49)           ; 11 (11)      ; 0           ; 0            ; 0       ; 0         ; 0         ; 0    ; 0            ; |ControlUnit|controller:Control   ; work         ;
+----------------------------+-------------------+--------------+-------------+--------------+---------+-----------+-----------+------+--------------+-----------------------------------+--------------+
Note: For table entries with two numbers listed, the numbers in parentheses indicate the number of resources of the given type used by the specific entity alone. The numbers listed outside of parentheses indicate the total resources of the given type used by the specific entity and all of its sub-entities in the hierarchy.


Encoding Type:  One-Hot
+-----------------------------------------------------------------------------------------------------------------------------------------------------------------------------------------------------------------------------------+
; State Machine - |ControlUnit|controller:Control|stateReg                                                                                                                                                                          ;
+------------------------+---------------+------------------------+---------------------+-------------------+--------------------+--------------+----------------+---------------+-----------------+----------------+---------------+
; Name                   ; stateReg.LDAI ; stateReg.JumpIfZeroJmp ; stateReg.JumpIfZero ; stateReg.Subtract ; stateReg.LoadConst ; stateReg.Add ; stateReg.Store ; stateReg.Load ; stateReg.Decode ; stateReg.Fetch ; stateReg.Init ;
+------------------------+---------------+------------------------+---------------------+-------------------+--------------------+--------------+----------------+---------------+-----------------+----------------+---------------+
; stateReg.Init          ; 0             ; 0                      ; 0                   ; 0                 ; 0                  ; 0            ; 0              ; 0             ; 0               ; 0              ; 0             ;
; stateReg.Fetch         ; 0             ; 0                      ; 0                   ; 0                 ; 0                  ; 0            ; 0              ; 0             ; 0               ; 1              ; 1             ;
; stateReg.Decode        ; 0             ; 0                      ; 0                   ; 0                 ; 0                  ; 0            ; 0              ; 0             ; 1               ; 0              ; 1             ;
; stateReg.Load          ; 0             ; 0                      ; 0                   ; 0                 ; 0                  ; 0            ; 0              ; 1             ; 0               ; 0              ; 1             ;
; stateReg.Store         ; 0             ; 0                      ; 0                   ; 0                 ; 0                  ; 0            ; 1              ; 0             ; 0               ; 0              ; 1             ;
; stateReg.Add           ; 0             ; 0                      ; 0                   ; 0                 ; 0                  ; 1            ; 0              ; 0             ; 0               ; 0              ; 1             ;
; stateReg.LoadConst     ; 0             ; 0                      ; 0                   ; 0                 ; 1                  ; 0            ; 0              ; 0             ; 0               ; 0              ; 1             ;
; stateReg.Subtract      ; 0             ; 0                      ; 0                   ; 1                 ; 0                  ; 0            ; 0              ; 0             ; 0               ; 0              ; 1             ;
; stateReg.JumpIfZero    ; 0             ; 0                      ; 1                   ; 0                 ; 0                  ; 0            ; 0              ; 0             ; 0               ; 0              ; 1             ;
; stateReg.JumpIfZeroJmp ; 0             ; 1                      ; 0                   ; 0                 ; 0                  ; 0            ; 0              ; 0             ; 0               ; 0              ; 1             ;
; stateReg.LDAI          ; 1             ; 0                      ; 0                   ; 0                 ; 0                  ; 0            ; 0              ; 0             ; 0               ; 0              ; 1             ;
+------------------------+---------------+------------------------+---------------------+-------------------+--------------------+--------------+----------------+---------------+-----------------+----------------+---------------+


+------------------------------------------------------+
; General Register Statistics                          ;
+----------------------------------------------+-------+
; Statistic                                    ; Value ;
+----------------------------------------------+-------+
; Total registers                              ; 43    ;
; Number of registers using Synchronous Clear  ; 16    ;
; Number of registers using Synchronous Load   ; 0     ;
; Number of registers using Asynchronous Clear ; 11    ;
; Number of registers using Asynchronous Load  ; 0     ;
; Number of registers using Clock Enable       ; 32    ;
; Number of registers using Preset             ; 0     ;
+----------------------------------------------+-------+


+--------------------------------------------------------------------------------------------------------------------------------------------------+
; Multiplexer Restructuring Statistics (Restructuring Performed)                                                                                   ;
+--------------------+-----------+---------------+----------------------+------------------------+------------+------------------------------------+
; Multiplexer Inputs ; Bus Width ; Baseline Area ; Area if Restructured ; Saving if Restructured ; Registered ; Example Multiplexer Output         ;
+--------------------+-----------+---------------+----------------------+------------------------+------------+------------------------------------+
; 4:1                ; 16 bits   ; 32 LEs        ; 16 LEs               ; 16 LEs                 ; Yes        ; |ControlUnit|PC:PCounter|PC_reg[1] ;
+--------------------+-----------+---------------+----------------------+------------------------+------------+------------------------------------+


+-----------------------------------------------------------------------------+
; Parameter Settings for User Entity Instance: Top-level Entity: |ControlUnit ;
+----------------+-------+----------------------------------------------------+
; Parameter Name ; Value ; Type                                               ;
+----------------+-------+----------------------------------------------------+
; WIDTH          ; 16    ; Signed Integer                                     ;
+----------------+-------+----------------------------------------------------+
Note: In order to hide this table in the UI and the text report file, please set the "Show Parameter Settings in Synthesis Report" option in "Analysis and Synthesis Settings -> More Settings" to "Off".


+-------------------------------------------------------------------+
; Parameter Settings for User Entity Instance: IR:InstructionReader ;
+----------------+-------+------------------------------------------+
; Parameter Name ; Value ; Type                                     ;
+----------------+-------+------------------------------------------+
; WIDTH          ; 16    ; Signed Integer                           ;
+----------------+-------+------------------------------------------+
Note: In order to hide this table in the UI and the text report file, please set the "Show Parameter Settings in Synthesis Report" option in "Analysis and Synthesis Settings -> More Settings" to "Off".


+----------------------------------------------------------+
; Parameter Settings for User Entity Instance: PC:PCounter ;
+----------------+-------+---------------------------------+
; Parameter Name ; Value ; Type                            ;
+----------------+-------+---------------------------------+
; WIDTH          ; 16    ; Signed Integer                  ;
+----------------+-------+---------------------------------+
Note: In order to hide this table in the UI and the text report file, please set the "Show Parameter Settings in Synthesis Report" option in "Analysis and Synthesis Settings -> More Settings" to "Off".


+-------------------------------+
; Elapsed Time Per Partition    ;
+----------------+--------------+
; Partition Name ; Elapsed Time ;
+----------------+--------------+
; Top            ; 00:00:00     ;
+----------------+--------------+


+-------------------------------+
; Analysis & Synthesis Messages ;
+-------------------------------+
Info: *******************************************************************
Info: Running Quartus II 64-Bit Analysis & Synthesis
    Info: Version 13.0.1 Build 232 06/12/2013 Service Pack 1 SJ Web Edition
    Info: Processing started: Wed Jul 19 16:09:34 2023
Info: Command: quartus_map --read_settings_files=on --write_settings_files=off Processador_7Instrucoes -c Processador_7Instrucoes
Warning (20028): Parallel compilation is not licensed and has been disabled
Info (12021): Found 2 design units, including 1 entities, in source file datapath/registerfile/registerfile.vhd
    Info (12022): Found design unit 1: RegisterFile-main
    Info (12023): Found entity 1: RegisterFile
Info (12021): Found 2 design units, including 1 entities, in source file datapath/registerfile/reg16_parallel.vhd
    Info (12022): Found design unit 1: reg16_parallel-rtl
    Info (12023): Found entity 1: reg16_parallel
Info (12021): Found 2 design units, including 1 entities, in source file datapath/registerfile/reg.vhd
    Info (12022): Found design unit 1: reg-behav
    Info (12023): Found entity 1: reg
Info (12021): Found 2 design units, including 1 entities, in source file datapath/registerfile/mux2x1.vhd
    Info (12022): Found design unit 1: mux2x1-behav
    Info (12023): Found entity 1: mux2x1
Info (12021): Found 2 design units, including 1 entities, in source file datapath/registerfile/flipflop_d.vhd
    Info (12022): Found design unit 1: flipflop_d-behav
    Info (12023): Found entity 1: flipflop_d
Info (12021): Found 2 design units, including 1 entities, in source file datapath/registerfile/decoder.vhd
    Info (12022): Found design unit 1: decoder-behav
    Info (12023): Found entity 1: decoder
Info (12021): Found 2 design units, including 1 entities, in source file datapath/alu/fulladder16bit.vhd
    Info (12022): Found design unit 1: fullAdder16bit-arch
    Info (12023): Found entity 1: fullAdder16bit
Info (12021): Found 2 design units, including 1 entities, in source file datapath/alu/full_adder.vhd
    Info (12022): Found design unit 1: full_adder-arc
    Info (12023): Found entity 1: full_adder
Info (12021): Found 2 design units, including 1 entities, in source file datapath/alu/ext16bit.vhd
    Info (12022): Found design unit 1: ext16bit-arch
    Info (12023): Found entity 1: ext16bit
Info (12021): Found 2 design units, including 1 entities, in source file datapath/alu/ciext.vhd
    Info (12022): Found design unit 1: ciext-arc
    Info (12023): Found entity 1: ciext
Info (12021): Found 2 design units, including 1 entities, in source file datapath/alu/alu.vhd
    Info (12022): Found design unit 1: ALU-arch
    Info (12023): Found entity 1: ALU
Info (12021): Found 2 design units, including 1 entities, in source file datapath/alu/abext.vhd
    Info (12022): Found design unit 1: abext-arc
    Info (12023): Found entity 1: abext
Info (12021): Found 2 design units, including 1 entities, in source file memory/i_memory.vhd
    Info (12022): Found design unit 1: I_Memory-main
    Info (12023): Found entity 1: I_Memory
Info (12021): Found 2 design units, including 1 entities, in source file memory/d_memory.vhd
    Info (12022): Found design unit 1: D_Memory-Behavioral
    Info (12023): Found entity 1: D_Memory
Info (12021): Found 2 design units, including 1 entities, in source file datapath/mux3x1_16bit.vhd
    Info (12022): Found design unit 1: Mux3x1_16bit-arch
    Info (12023): Found entity 1: Mux3x1_16bit
Info (12021): Found 2 design units, including 1 entities, in source file datapath/datapath.vhd
    Info (12022): Found design unit 1: Datapath-arch
    Info (12023): Found entity 1: Datapath
Info (12021): Found 2 design units, including 1 entities, in source file controlunit/pc.vhd
    Info (12022): Found design unit 1: PC-Behav
    Info (12023): Found entity 1: PC
Info (12021): Found 2 design units, including 1 entities, in source file controlunit/ir.vhd
    Info (12022): Found design unit 1: IR-Behavioral
    Info (12023): Found entity 1: IR
Info (12021): Found 2 design units, including 1 entities, in source file controlunit/controlunit.vhd
    Info (12022): Found design unit 1: ControlUnit-main
    Info (12023): Found entity 1: ControlUnit
Info (12021): Found 2 design units, including 1 entities, in source file controlunit/controller.vhd
    Info (12022): Found design unit 1: Controller-main
    Info (12023): Found entity 1: controller
Info (12021): Found 2 design units, including 1 entities, in source file processador_7instrucoes.vhd
    Info (12022): Found design unit 1: Processador_7Instrucoes-arch
    Info (12023): Found entity 1: Processador_7Instrucoes
Info (12127): Elaborating entity "ControlUnit" for the top level hierarchy
Info (12128): Elaborating entity "IR" for hierarchy "IR:InstructionReader"
Info (12128): Elaborating entity "PC" for hierarchy "PC:PCounter"
Info (12128): Elaborating entity "controller" for hierarchy "controller:Control"
Warning (13024): Output pins are stuck at VCC or GND
    Warning (13410): Pin "ALU_Sel[0]" is stuck at GND
Info (286030): Timing-Driven Synthesis is running
Info (16010): Generating hard_block partition "hard_block:auto_generated_inst"
    Info (16011): Adding 0 node(s), including 0 DDIO, 0 PLL, 0 transceiver and 0 LCELL
Warning (21074): Design contains 16 input pin(s) that do not drive logic
    Warning (15610): No output dependent on input pin "PC_set[0]"
    Warning (15610): No output dependent on input pin "PC_set[1]"
    Warning (15610): No output dependent on input pin "PC_set[2]"
    Warning (15610): No output dependent on input pin "PC_set[3]"
    Warning (15610): No output dependent on input pin "PC_set[4]"
    Warning (15610): No output dependent on input pin "PC_set[5]"
    Warning (15610): No output dependent on input pin "PC_set[6]"
    Warning (15610): No output dependent on input pin "PC_set[7]"
    Warning (15610): No output dependent on input pin "PC_set[8]"
    Warning (15610): No output dependent on input pin "PC_set[9]"
    Warning (15610): No output dependent on input pin "PC_set[10]"
    Warning (15610): No output dependent on input pin "PC_set[11]"
    Warning (15610): No output dependent on input pin "PC_set[12]"
    Warning (15610): No output dependent on input pin "PC_set[13]"
    Warning (15610): No output dependent on input pin "PC_set[14]"
    Warning (15610): No output dependent on input pin "PC_set[15]"
Info (21057): Implemented 206 device resources after synthesis - the final resource count might be different
    Info (21058): Implemented 35 input pins
    Info (21059): Implemented 55 output pins
    Info (21061): Implemented 116 logic cells
Info: Quartus II 64-Bit Analysis & Synthesis was successful. 0 errors, 20 warnings
    Info: Peak virtual memory: 4674 megabytes
    Info: Processing ended: Wed Jul 19 16:09:36 2023
    Info: Elapsed time: 00:00:02
    Info: Total CPU time (on all processors): 00:00:01


