Flow report for Processador_7Instrucoes
Wed Jul 19 13:49:35 2023
Quartus II 64-Bit Version 13.0.1 Build 232 06/12/2013 Service Pack 1 SJ Web Edition


---------------------
; Table of Contents ;
---------------------
  1. Legal Notice
  2. Flow Summary
  3. Flow Settings
  4. Flow Non-Default Global Settings
  5. Flow Elapsed Time
  6. Flow OS Summary
  7. Flow Log
  8. Flow Messages
  9. Flow Suppressed Messages



----------------
; Legal Notice ;
----------------
Copyright (C) 1991-2013 Altera Corporation
Your use of Altera Corporation's design tools, logic functions 
and other software and tools, and its AMPP partner logic 
functions, and any output files from any of the foregoing 
(including device programming or simulation files), and any 
associated documentation or information are expressly subject 
to the terms and conditions of the Altera Program License 
Subscription Agreement, Altera MegaCore Function License 
Agreement, or other applicable license agreement, including, 
without limitation, that your use is for the sole purpose of 
programming logic devices manufactured by Altera and sold by 
Altera or its authorized distributors.  Please refer to the 
applicable agreement for further details.



+--------------------------------------------------------------------------------------+
; Flow Summary                                                                         ;
+------------------------------------+-------------------------------------------------+
; Flow Status                        ; Successful - Wed Jul 19 13:49:35 2023           ;
; Quartus II 64-Bit Version          ; 13.0.1 Build 232 06/12/2013 SP 1 SJ Web Edition ;
; Revision Name                      ; Processador_7Instrucoes                         ;
; Top-level Entity Name              ; ControlUnit                                     ;
; Family                             ; Cyclone IV GX                                   ;
; Total logic elements               ; 99 / 21,280 ( < 1 % )                           ;
;     Total combinational functions  ; 94 / 21,280 ( < 1 % )                           ;
;     Dedicated logic registers      ; 43 / 21,280 ( < 1 % )                           ;
; Total registers                    ; 43                                              ;
; Total pins                         ; 89 / 167 ( 53 % )                               ;
; Total virtual pins                 ; 0                                               ;
; Total memory bits                  ; 0 / 774,144 ( 0 % )                             ;
; Embedded Multiplier 9-bit elements ; 0 / 80 ( 0 % )                                  ;
; Total GXB Receiver Channel PCS     ; 0 / 4 ( 0 % )                                   ;
; Total GXB Receiver Channel PMA     ; 0 / 4 ( 0 % )                                   ;
; Total GXB Transmitter Channel PCS  ; 0 / 4 ( 0 % )                                   ;
; Total GXB Transmitter Channel PMA  ; 0 / 4 ( 0 % )                                   ;
; Total PLLs                         ; 0 / 4 ( 0 % )                                   ;
; Device                             ; EP4CGX22CF19C6                                  ;
; Timing Models                      ; Final                                           ;
+------------------------------------+-------------------------------------------------+


+---------------------------------------------+
; Flow Settings                               ;
+-------------------+-------------------------+
; Option            ; Setting                 ;
+-------------------+-------------------------+
; Start date & time ; 07/19/2023 12:03:34     ;
; Main task         ; Compilation             ;
; Revision Name     ; Processador_7Instrucoes ;
+-------------------+-------------------------+


+--------------------------------------------------------------------------------------------------------------------------------+
; Flow Non-Default Global Settings                                                                                               ;
+-------------------------------------+---------------------------------+-------------------------+-------------+----------------+
; Assignment Name                     ; Value                           ; Default Value           ; Entity Name ; Section Id     ;
+-------------------------------------+---------------------------------+-------------------------+-------------+----------------+
; COMPILER_SIGNATURE_ID               ; 150013896150656.168977901420988 ; --                      ; --          ; --             ;
; EDA_GENERATE_FUNCTIONAL_NETLIST     ; On                              ; --                      ; --          ; eda_simulation ;
; EDA_OUTPUT_DATA_FORMAT              ; Verilog Hdl                     ; --                      ; --          ; eda_simulation ;
; EDA_SIMULATION_TOOL                 ; ModelSim-Altera (Verilog)       ; <None>                  ; --          ; --             ;
; PARTITION_COLOR                     ; 16764057                        ; --                      ; ControlUnit ; Top            ;
; PARTITION_FITTER_PRESERVATION_LEVEL ; PLACEMENT_AND_ROUTING           ; --                      ; ControlUnit ; Top            ;
; PARTITION_NETLIST_TYPE              ; SOURCE                          ; --                      ; ControlUnit ; Top            ;
; PROJECT_OUTPUT_DIRECTORY            ; output_files                    ; --                      ; --          ; --             ;
; TOP_LEVEL_ENTITY                    ; ControlUnit                     ; Processador_7Instrucoes ; --          ; --             ;
+-------------------------------------+---------------------------------+-------------------------+-------------+----------------+


+-------------------------------------------------------------------------------------------------------------------------------+
; Flow Elapsed Time                                                                                                             ;
+---------------------------+--------------+-------------------------+---------------------+------------------------------------+
; Module Name               ; Elapsed Time ; Average Processors Used ; Peak Virtual Memory ; Total CPU Time (on all processors) ;
+---------------------------+--------------+-------------------------+---------------------+------------------------------------+
; Analysis & Synthesis      ; 00:00:01     ; 1.0                     ; 4675 MB             ; 00:00:01                           ;
; Fitter                    ; 00:00:11     ; 1.0                     ; 5008 MB             ; 00:00:07                           ;
; Assembler                 ; 00:00:01     ; 1.0                     ; 4609 MB             ; 00:00:01                           ;
; TimeQuest Timing Analyzer ; 00:00:03     ; 1.0                     ; 4609 MB             ; 00:00:02                           ;
; EDA Netlist Writer        ; 00:00:00     ; 1.0                     ; 4555 MB             ; 00:00:00                           ;
; EDA Netlist Writer        ; 00:00:01     ; 1.0                     ; 4563 MB             ; 00:00:00                           ;
; EDA Netlist Writer        ; 00:00:01     ; 1.0                     ; 4563 MB             ; 00:00:00                           ;
; EDA Netlist Writer        ; 00:00:00     ; 1.0                     ; 4563 MB             ; 00:00:00                           ;
; EDA Netlist Writer        ; 00:00:00     ; 1.0                     ; 4563 MB             ; 00:00:00                           ;
; EDA Netlist Writer        ; 00:00:01     ; 1.0                     ; 4563 MB             ; 00:00:00                           ;
; EDA Netlist Writer        ; 00:00:01     ; 1.0                     ; 4563 MB             ; 00:00:00                           ;
; EDA Netlist Writer        ; 00:00:00     ; 1.0                     ; 4564 MB             ; 00:00:00                           ;
; EDA Netlist Writer        ; 00:00:00     ; 1.0                     ; 4563 MB             ; 00:00:00                           ;
; Total                     ; 00:00:20     ; --                      ; --                  ; 00:00:11                           ;
+---------------------------+--------------+-------------------------+---------------------+------------------------------------+


+----------------------------------------------------------------------------------------+
; Flow OS Summary                                                                        ;
+---------------------------+------------------+-----------+------------+----------------+
; Module Name               ; Machine Hostname ; OS Name   ; OS Version ; Processor type ;
+---------------------------+------------------+-----------+------------+----------------+
; Analysis & Synthesis      ; Vitor-Geowellex  ; Windows 7 ; 6.2        ; x86_64         ;
; Fitter                    ; Vitor-Geowellex  ; Windows 7 ; 6.2        ; x86_64         ;
; Assembler                 ; Vitor-Geowellex  ; Windows 7 ; 6.2        ; x86_64         ;
; TimeQuest Timing Analyzer ; Vitor-Geowellex  ; Windows 7 ; 6.2        ; x86_64         ;
; EDA Netlist Writer        ; Vitor-Geowellex  ; Windows 7 ; 6.2        ; x86_64         ;
; EDA Netlist Writer        ; Vitor-Geowellex  ; Windows 7 ; 6.2        ; x86_64         ;
; EDA Netlist Writer        ; Vitor-Geowellex  ; Windows 7 ; 6.2        ; x86_64         ;
; EDA Netlist Writer        ; Vitor-Geowellex  ; Windows 7 ; 6.2        ; x86_64         ;
; EDA Netlist Writer        ; Vitor-Geowellex  ; Windows 7 ; 6.2        ; x86_64         ;
; EDA Netlist Writer        ; Vitor-Geowellex  ; Windows 7 ; 6.2        ; x86_64         ;
; EDA Netlist Writer        ; Vitor-Geowellex  ; Windows 7 ; 6.2        ; x86_64         ;
; EDA Netlist Writer        ; Vitor-Geowellex  ; Windows 7 ; 6.2        ; x86_64         ;
; EDA Netlist Writer        ; Vitor-Geowellex  ; Windows 7 ; 6.2        ; x86_64         ;
+---------------------------+------------------+-----------+------------+----------------+


------------
; Flow Log ;
------------
quartus_map --read_settings_files=on --write_settings_files=off Processador_7Instrucoes -c Processador_7Instrucoes
quartus_fit --read_settings_files=off --write_settings_files=off Processador_7Instrucoes -c Processador_7Instrucoes
quartus_asm --read_settings_files=off --write_settings_files=off Processador_7Instrucoes -c Processador_7Instrucoes
quartus_sta Processador_7Instrucoes -c Processador_7Instrucoes
quartus_eda --read_settings_files=off --write_settings_files=off Processador_7Instrucoes -c Processador_7Instrucoes
quartus_eda --gen_testbench --check_outputs=on --tool=modelsim_oem --format=verilog Processador_7Instrucoes -c Processador_7Instrucoes --vector_source=C:/Users/vitor/Documents/opcode/Processador_6Instrucoes/Datapath/RegisterFile/Waveform.vwf --testbench_file=./simulation/qsim/Processador_7Instrucoes.vt
quartus_eda --functional=on --simulation=on --tool=modelsim_oem --format=verilog Processador_7Instrucoes -c Processador_7Instrucoes
quartus_eda --gen_testbench --check_outputs=on --tool=modelsim_oem --format=verilog Processador_7Instrucoes -c Processador_7Instrucoes --vector_source=C:/Users/vitor/Documents/opcode/Processador_6Instrucoes/Datapath/RegisterFile/Waveform.vwf --testbench_file=./simulation/qsim/Processador_7Instrucoes.vt
quartus_eda --functional=on --simulation=on --tool=modelsim_oem --format=verilog Processador_7Instrucoes -c Processador_7Instrucoes
quartus_eda --gen_testbench --check_outputs=on --tool=modelsim_oem --format=verilog Processador_7Instrucoes -c Processador_7Instrucoes --vector_source=C:/Users/vitor/Documents/opcode/Processador_6Instrucoes/Datapath/RegisterFile/Waveform.vwf --testbench_file=./simulation/qsim/Processador_7Instrucoes.vt
quartus_eda --functional=on --simulation=on --tool=modelsim_oem --format=verilog Processador_7Instrucoes -c Processador_7Instrucoes
quartus_eda --gen_testbench --check_outputs=on --tool=modelsim_oem --format=verilog Processador_7Instrucoes -c Processador_7Instrucoes --vector_source=C:/Users/vitor/Documents/opcode/Processador_6Instrucoes/Datapath/RegisterFile/Waveform.vwf --testbench_file=./simulation/qsim/Processador_7Instrucoes.vt
quartus_eda --functional=on --simulation=on --tool=modelsim_oem --format=verilog Processador_7Instrucoes -c Processador_7Instrucoes



